<?xml version="1.0" encoding="UTF-8"?>
<testsuite xmlns:xsi="http://www.w3.org/2001/XMLSchema-instance" xsi:noNamespaceSchemaLocation="https://maven.apache.org/surefire/maven-surefire-plugin/xsd/surefire-test-report.xsd" name="ua.lviv.iot.manager.WeaponManagerTest" time="0.011" tests="2" errors="0" skipped="0" failures="0">
  <properties>
    <property name="java.specification.version" value="13"/>
    <property name="sun.jnu.encoding" value="UTF-8"/>
    <property name="java.class.path" value="/Users/myhome/Desktop/iot-labs/Lab3/work/target/test-classes:/Users/myhome/Desktop/iot-labs/Lab3/work/target/classes:/Users/myhome/.m2/repository/org/junit/jupiter/junit-jupiter/5.7.0-M1/junit-jupiter-5.7.0-M1.jar:/Users/myhome/.m2/repository/org/junit/jupiter/junit-jupiter-api/5.7.0-M1/junit-jupiter-api-5.7.0-M1.jar:/Users/myhome/.m2/repository/org/apiguardian/apiguardian-api/1.1.0/apiguardian-api-1.1.0.jar:/Users/myhome/.m2/repository/org/opentest4j/opentest4j/1.2.0/opentest4j-1.2.0.jar:/Users/myhome/.m2/repository/org/junit/platform/junit-platform-commons/1.7.0-M1/junit-platform-commons-1.7.0-M1.jar:/Users/myhome/.m2/repository/org/junit/jupiter/junit-jupiter-params/5.7.0-M1/junit-jupiter-params-5.7.0-M1.jar:/Users/myhome/.m2/repository/org/junit/jupiter/junit-jupiter-engine/5.7.0-M1/junit-jupiter-engine-5.7.0-M1.jar:/Users/myhome/.m2/repository/org/junit/platform/junit-platform-engine/1.7.0-M1/junit-platform-engine-1.7.0-M1.jar:/Users/myhome/.m2/repository/junit/junit/4.13/junit-4.13.jar:/Users/myhome/.m2/repository/org/hamcrest/hamcrest-core/1.3/hamcrest-core-1.3.jar:"/>
    <property name="java.vm.vendor" value="Oracle Corporation"/>
    <property name="sun.arch.data.model" value="64"/>
    <property name="java.vendor.url" value="https://java.oracle.com/"/>
    <property name="os.name" value="Mac OS X"/>
    <property name="java.vm.specification.version" value="13"/>
    <property name="sun.java.launcher" value="SUN_STANDARD"/>
    <property name="user.country" value="UA"/>
    <property name="sun.boot.library.path" value="/Library/Java/JavaVirtualMachines/jdk-13.0.2.jdk/Contents/Home/lib"/>
    <property name="sun.java.command" value="/Users/myhome/Desktop/iot-labs/Lab3/work/target/surefire/surefirebooter4647632980258278285.jar /Users/myhome/Desktop/iot-labs/Lab3/work/target/surefire 2020-05-06T01-42-49_006-jvmRun1 surefire2169620463473765458tmp surefire_013646332811953238595tmp"/>
    <property name="http.nonProxyHosts" value="local|*.local|169.254/16|*.169.254/16"/>
    <property name="jdk.debug" value="release"/>
    <property name="surefire.test.class.path" value="/Users/myhome/Desktop/iot-labs/Lab3/work/target/test-classes:/Users/myhome/Desktop/iot-labs/Lab3/work/target/classes:/Users/myhome/.m2/repository/org/junit/jupiter/junit-jupiter/5.7.0-M1/junit-jupiter-5.7.0-M1.jar:/Users/myhome/.m2/repository/org/junit/jupiter/junit-jupiter-api/5.7.0-M1/junit-jupiter-api-5.7.0-M1.jar:/Users/myhome/.m2/repository/org/apiguardian/apiguardian-api/1.1.0/apiguardian-api-1.1.0.jar:/Users/myhome/.m2/repository/org/opentest4j/opentest4j/1.2.0/opentest4j-1.2.0.jar:/Users/myhome/.m2/repository/org/junit/platform/junit-platform-commons/1.7.0-M1/junit-platform-commons-1.7.0-M1.jar:/Users/myhome/.m2/repository/org/junit/jupiter/junit-jupiter-params/5.7.0-M1/junit-jupiter-params-5.7.0-M1.jar:/Users/myhome/.m2/repository/org/junit/jupiter/junit-jupiter-engine/5.7.0-M1/junit-jupiter-engine-5.7.0-M1.jar:/Users/myhome/.m2/repository/org/junit/platform/junit-platform-engine/1.7.0-M1/junit-platform-engine-1.7.0-M1.jar:/Users/myhome/.m2/repository/junit/junit/4.13/junit-4.13.jar:/Users/myhome/.m2/repository/org/hamcrest/hamcrest-core/1.3/hamcrest-core-1.3.jar:"/>
    <property name="sun.cpu.endian" value="little"/>
    <property name="user.home" value="/Users/myhome"/>
    <property name="user.language" value="uk"/>
    <property name="java.specification.vendor" value="Oracle Corporation"/>
    <property name="java.version.date" value="2020-01-14"/>
    <property name="java.home" value="/Library/Java/JavaVirtualMachines/jdk-13.0.2.jdk/Contents/Home"/>
    <property name="file.separator" value="/"/>
    <property name="basedir" value="/Users/myhome/Desktop/iot-labs/Lab3/work"/>
    <property name="java.vm.compressedOopsMode" value="Zero based"/>
    <property name="line.separator" value="&#10;"/>
    <property name="java.specification.name" value="Java Platform API Specification"/>
    <property name="java.vm.specification.vendor" value="Oracle Corporation"/>
    <property name="surefire.real.class.path" value="/Users/myhome/Desktop/iot-labs/Lab3/work/target/surefire/surefirebooter4647632980258278285.jar"/>
    <property name="sun.management.compiler" value="HotSpot 64-Bit Tiered Compilers"/>
    <property name="ftp.nonProxyHosts" value="local|*.local|169.254/16|*.169.254/16"/>
    <property name="java.runtime.version" value="13.0.2+8"/>
    <property name="user.name" value="myhome"/>
    <property name="path.separator" value=":"/>
    <property name="os.version" value="10.15.1"/>
    <property name="java.runtime.name" value="Java(TM) SE Runtime Environment"/>
    <property name="file.encoding" value="UTF-8"/>
    <property name="java.vm.name" value="Java HotSpot(TM) 64-Bit Server VM"/>
    <property name="localRepository" value="/Users/myhome/.m2/repository"/>
    <property name="java.vendor.url.bug" value="https://bugreport.java.com/bugreport/"/>
    <property name="java.io.tmpdir" value="/var/folders/99/s986bxln5zxgg40n8l_kpx4w0000gn/T/"/>
    <property name="java.version" value="13.0.2"/>
    <property name="user.dir" value="/Users/myhome/Desktop/iot-labs/Lab3/work"/>
    <property name="os.arch" value="x86_64"/>
    <property name="java.vm.specification.name" value="Java Virtual Machine Specification"/>
    <property name="java.library.path" value="/Users/myhome/Library/Java/Extensions:/Library/Java/Extensions:/Network/Library/Java/Extensions:/System/Library/Java/Extensions:/usr/lib/java:."/>
    <property name="java.vm.info" value="mixed mode, sharing"/>
    <property name="java.vendor" value="Oracle Corporation"/>
    <property name="java.vm.version" value="13.0.2+8"/>
    <property name="sun.io.unicode.encoding" value="UnicodeBig"/>
    <property name="socksNonProxyHosts" value="local|*.local|169.254/16|*.169.254/16"/>
    <property name="java.class.version" value="57.0"/>
  </properties>
  <testcase name="testFindWeaponByDecade" classname="ua.lviv.iot.manager.WeaponManagerTest" time="0.001"/>
  <testcase name="testDisplayWeapons" classname="ua.lviv.iot.manager.WeaponManagerTest" time="0.007"/>
</testsuite>